[     143ms] [INFO] %cDownload the React DevTools for a better development experience: https://react.dev/link/react-devtools font-weight:bold @ http://localhost:3000/_next/static/chunks/node_modules_next_dist_0ifwd0~._.js:2925
[     155ms] [LOG] [HMR] connected @ http://localhost:3000/_next/static/chunks/node_modules_next_dist_0ifwd0~._.js:2925
[    1693ms] [ERROR] In HTML, %s cannot be a descendant of <%s>.
This will cause a hydration error.%s <a> a 

  ...
    <ErrorBoundary errorComponent={undefined} errorStyles={undefined} errorScripts={undefined}>
      <LoadingBoundary name="daily-look..." loading={[...]}>
        <Suspense name="daily-look..." fallback={<Fragment>}>
          <HTTPAccessFallbackBoundary notFound={undefined} forbidden={undefined} unauthorized={undefined}>
            <RedirectBoundary>
              <RedirectErrorBoundary router={{...}}>
                <InnerLayoutRouter url="/look/dail..." tree={[...]} params={{slug:"dail..."}} ...>
                  <SegmentViewNode type="page" pagePath="(public)/l...">
                    <SegmentTrieNode>
                    <LookPage>
                      <div className="max-w-7xl ...">
                        <div>
                        <div className="lg:grid lg...">
                          <div>
                          <div className="mt-6 lg:mt-0">
                            <div>
                            <div className="grid grid-...">
>                             <a
>                               href="https://go.shopmy.us/ap/juliaberolzheimer?url=https%3A%2F%2Fwww.chanel.com%2Fus%..."
>                               target="_blank"
>                               rel="noopener sponsored"
>                               className="group block rounded-lg border border-border hover:border-primary/40 hover:s..."
>                             >
                                <div>
                                <div className="p-3">
>                                 <a
>                                   href="/brand/chanel"
>                                   className="text-xs text-muted-foreground uppercase tracking-wide hover:text-primar..."
>                                 >
                                  ...
                              ...
                            ...
                        ...
                  ...
                ...
 @ http://localhost:3000/_next/static/chunks/node_modules_next_dist_0ifwd0~._.js:3766
[    1693ms] [ERROR] <%s> cannot contain a nested %s.
See this log for the ancestor stack trace. a <a> @ http://localhost:3000/_next/static/chunks/node_modules_next_dist_0ifwd0~._.js:3766
[   67983ms] [LOG] [Fast Refresh] rebuilding @ http://localhost:3000/_next/static/chunks/node_modules_next_dist_0ifwd0~._.js:2925
[   68064ms] [ERROR] ./app/(public)/look/[slug]/page.tsx:301:15
Expected '</', got ')'
  299 |                   </div>
  300 |                 </a>
> 301 |               ))}
      |               ^
  302 |             </div>
  303 |           )}
  304 |

Parsing ecmascript source code failed @ http://localhost:3000/_next/static/chunks/node_modules_next_dist_0ifwd0~._.js:3766
[   68393ms] [ERROR] ./app/(public)/look/[slug]/page.tsx:301:15
Expected '</', got ')'
  299 |                   </div>
  300 |                 </a>
> 301 |               ))}
      |               ^
  302 |             </div>
  303 |           )}
  304 |

Parsing ecmascript source code failed @ http://localhost:3000/_next/static/chunks/node_modules_next_dist_0ifwd0~._.js:3766
[   68412ms] [LOG] [Fast Refresh] rebuilding @ http://localhost:3000/_next/static/chunks/node_modules_next_dist_0ifwd0~._.js:2925
[   81668ms] [LOG] [Fast Refresh] rebuilding @ http://localhost:3000/_next/static/chunks/node_modules_next_dist_0ifwd0~._.js:2925
[   81722ms] [LOG] [Fast Refresh] done in 51ms @ http://localhost:3000/_next/static/chunks/node_modules_next_dist_0ifwd0~._.js:2925
[   82082ms] [LOG] [Fast Refresh] rebuilding @ http://localhost:3000/_next/static/chunks/node_modules_next_dist_0ifwd0~._.js:2925
[   82094ms] [LOG] [Fast Refresh] done in 113ms @ http://localhost:3000/_next/static/chunks/node_modules_next_dist_0ifwd0~._.js:2925
[   92506ms] [ERROR] ./app/(public)/look/[slug]/page.tsx:268:19
Expected '</', got ')'
  266 |                       </div>
  267 |                     </div>
> 268 |                   )}
      |                   ^
  269 |                   <div className="p-3">
  270 |                     {product.brand ? (
  271 |                       <a

Parsing ecmascript source code failed @ http://localhost:3000/_next/static/chunks/node_modules_next_dist_0ifwd0~._.js:3766
[   92525ms] [LOG] [Fast Refresh] rebuilding @ http://localhost:3000/_next/static/chunks/node_modules_next_dist_0ifwd0~._.js:2925
[  100300ms] [LOG] [Fast Refresh] rebuilding @ http://localhost:3000/_next/static/chunks/node_modules_next_dist_0ifwd0~._.js:2925
[  100394ms] [LOG] [Fast Refresh] done in 51ms @ http://localhost:3000/_next/static/chunks/node_modules_next_dist_0ifwd0~._.js:2925
[  100676ms] [LOG] [Fast Refresh] rebuilding @ http://localhost:3000/_next/static/chunks/node_modules_next_dist_0ifwd0~._.js:2925
[  100698ms] [LOG] [Fast Refresh] done in 123ms @ http://localhost:3000/_next/static/chunks/node_modules_next_dist_0ifwd0~._.js:2925
[  110389ms] [LOG] [Fast Refresh] rebuilding @ http://localhost:3000/_next/static/chunks/node_modules_next_dist_0ifwd0~._.js:2925
[  110467ms] [LOG] [Fast Refresh] done in 31ms @ http://localhost:3000/_next/static/chunks/node_modules_next_dist_0ifwd0~._.js:2925
